Start testing: Jun 07 12:00 +07
----------------------------------------------------------
1/1 Testing: Encoders
1/1 Test: Encoders
Command: "/home/ngquanghuy/Security/build/test_encoders"
Directory: /home/ngquanghuy/Security/build
"Encoders" start time: Jun 07 12:00 +07
Output:
----------------------------------------------------------
32 tests, 0 failures
<end of output>
Test time =   0.00 sec
----------------------------------------------------------
Test Passed.
"Encoders" end time: Jun 07 12:00 +07
"Encoders" time elapsed: 00:00:00
----------------------------------------------------------

End testing: Jun 07 12:00 +07
