Start testing: Jun 07 15:50 +07
----------------------------------------------------------
1/3 Testing: Encoders
1/3 Test: Encoders
Command: "/home/ngquanghuy/Security/build/test_encoders"
Directory: /home/ngquanghuy/Security/build
"Encoders" start time: Jun 07 15:50 +07
Output:
----------------------------------------------------------
32 tests, 0 failures
<end of output>
Test time =   0.00 sec
----------------------------------------------------------
Test Passed.
"Encoders" end time: Jun 07 15:50 +07
"Encoders" time elapsed: 00:00:00
----------------------------------------------------------

2/3 Testing: ChaCha20
2/3 Test: ChaCha20
Command: "/home/ngquanghuy/Security/build/test_chacha20"
Directory: /home/ngquanghuy/Security/build
"ChaCha20" start time: Jun 07 15:50 +07
Output:
----------------------------------------------------------
61 tests, 0 failures
<end of output>
Test time =   0.01 sec
----------------------------------------------------------
Test Passed.
"ChaCha20" end time: Jun 07 15:50 +07
"ChaCha20" time elapsed: 00:00:00
----------------------------------------------------------

3/3 Testing: ChaCha20Poly1305
3/3 Test: ChaCha20Poly1305
Command: "/home/ngquanghuy/Security/build/test_chacha20poly1305"
Directory: /home/ngquanghuy/Security/build
"ChaCha20Poly1305" start time: Jun 07 15:50 +07
Output:
----------------------------------------------------------
31 tests, 0 failures
<end of output>
Test time =   0.01 sec
----------------------------------------------------------
Test Passed.
"ChaCha20Poly1305" end time: Jun 07 15:50 +07
"ChaCha20Poly1305" time elapsed: 00:00:00
----------------------------------------------------------

End testing: Jun 07 15:50 +07
